[CreateDirs]
C:\Programas\PopCap Games\Mummy Maze Deluxe=
C:\Programas\PopCap Games\Mummy Maze Deluxe\images=
C:\Programas\PopCap Games\Mummy Maze Deluxe\data=
C:\Programas\PopCap Games\Mummy Maze Deluxe\data\mazes=
C:\Programas\PopCap Games\Mummy Maze Deluxe\data\saves=
C:\Programas\PopCap Games\Mummy Maze Deluxe\sounds=
C:\Programas\PopCap Games\Mummy Maze Deluxe\music=
C:\WINDOWS\Menu Iniciar\Programas\PopCap Games\Mummy Maze Deluxe=

[CopyFiles]
C:\Programas\PopCap Games\Mummy Maze Deluxe\scoreul.tpl=
C:\Programas\PopCap Games\Mummy Maze Deluxe\surveyul.tpl=
C:\Programas\PopCap Games\Mummy Maze Deluxe\WinMM.exe=
C:\Programas\PopCap Games\Mummy Maze Deluxe\fmod.dll=
C:\Programas\PopCap Games\Mummy Maze Deluxe\readme.txt=
C:\Programas\PopCap Games\Mummy Maze Deluxe\license.txt=
C:\Programas\PopCap Games\Mummy Maze Deluxe\images\mumlogo.gif=
C:\Programas\PopCap Games\Mummy Maze Deluxe\images\_arrows6.gif=
C:\Programas\PopCap Games\Mummy Maze Deluxe\images\_arrows10.gif=
C:\Programas\PopCap Games\Mummy Maze Deluxe\images\dialog.gif=
C:\Programas\PopCap Games\Mummy Maze Deluxe\images\_dialog.gif=
C:\Programas\PopCap Games\Mummy Maze Deluxe\images\eyestrip.jpg=
C:\Programas\PopCap Games\Mummy Maze Deluxe\images\_circle6.gif=
C:\Programas\PopCap Games\Mummy Maze Deluxe\images\arrows6.gif=
C:\Programas\PopCap Games\Mummy Maze Deluxe\images\arrows10.gif=
C:\Programas\PopCap Games\Mummy Maze Deluxe\images\_arrows8.gif=
C:\Programas\PopCap Games\Mummy Maze Deluxe\images\_circle8.gif=
C:\Programas\PopCap Games\Mummy Maze Deluxe\images\circle10.gif=
C:\Programas\PopCap Games\Mummy Maze Deluxe\images\editbox.png=
C:\Programas\PopCap Games\Mummy Maze Deluxe\images\font1.png=
C:\Programas\PopCap Games\Mummy Maze Deluxe\images\smalltreasures.gif=
C:\Programas\PopCap Games\Mummy Maze Deluxe\images\scorefont.png=
C:\Programas\PopCap Games\Mummy Maze Deluxe\images\_circle10.gif=
C:\Programas\PopCap Games\Mummy Maze Deluxe\images\circle6.gif=
C:\Programas\PopCap Games\Mummy Maze Deluxe\images\circle8.gif=
C:\Programas\PopCap Games\Mummy Maze Deluxe\images\_mumlogo.gif=
C:\Programas\PopCap Games\Mummy Maze Deluxe\images\tutbutton.gif=
C:\Programas\PopCap Games\Mummy Maze Deluxe\images\floor8.jpg=
C:\Programas\PopCap Games\Mummy Maze Deluxe\images\floor10.jpg=
C:\Programas\PopCap Games\Mummy Maze Deluxe\images\floor6.jpg=
C:\Programas\PopCap Games\Mummy Maze Deluxe\images\walls6.gif=
C:\Programas\PopCap Games\Mummy Maze Deluxe\images\walls8.gif=
C:\Programas\PopCap Games\Mummy Maze Deluxe\images\walls10.gif=
C:\Programas\PopCap Games\Mummy Maze Deluxe\images\stairs6.gif=
C:\Programas\PopCap Games\Mummy Maze Deluxe\images\stairs8.gif=
C:\Programas\PopCap Games\Mummy Maze Deluxe\images\stairs10.gif=
C:\Programas\PopCap Games\Mummy Maze Deluxe\images\pyramidlit.gif=
C:\Programas\PopCap Games\Mummy Maze Deluxe\images\pyramiddark.gif=
C:\Programas\PopCap Games\Mummy Maze Deluxe\images\bigtreasures.jpg=
C:\Programas\PopCap Games\Mummy Maze Deluxe\images\fogpuff.gif=
C:\Programas\PopCap Games\Mummy Maze Deluxe\images\mummy10.gif=
C:\Programas\PopCap Games\Mummy Maze Deluxe\images\_explorer8.gif=
C:\Programas\PopCap Games\Mummy Maze Deluxe\images\_explorer6.gif=
C:\Programas\PopCap Games\Mummy Maze Deluxe\images\_mummy8.gif=
C:\Programas\PopCap Games\Mummy Maze Deluxe\images\_mummy6.gif=
C:\Programas\PopCap Games\Mummy Maze Deluxe\images\_explorer10.gif=
C:\Programas\PopCap Games\Mummy Maze Deluxe\images\_mummy10.gif=
C:\Programas\PopCap Games\Mummy Maze Deluxe\images\explorer6.gif=
C:\Programas\PopCap Games\Mummy Maze Deluxe\images\explorer8.gif=
C:\Programas\PopCap Games\Mummy Maze Deluxe\images\_fogpuff.gif=
C:\Programas\PopCap Games\Mummy Maze Deluxe\images\explorer10.gif=
C:\Programas\PopCap Games\Mummy Maze Deluxe\images\mummy6.gif=
C:\Programas\PopCap Games\Mummy Maze Deluxe\images\mummy8.gif=
C:\Programas\PopCap Games\Mummy Maze Deluxe\images\_star.gif=
C:\Programas\PopCap Games\Mummy Maze Deluxe\images\_pointer.gif=
C:\Programas\PopCap Games\Mummy Maze Deluxe\images\_dragging.gif=
C:\Programas\PopCap Games\Mummy Maze Deluxe\images\_hand.gif=
C:\Programas\PopCap Games\Mummy Maze Deluxe\images\pointer.gif=
C:\Programas\PopCap Games\Mummy Maze Deluxe\images\dragging.gif=
C:\Programas\PopCap Games\Mummy Maze Deluxe\images\hand.gif=
C:\Programas\PopCap Games\Mummy Maze Deluxe\images\text.gif=
C:\Programas\PopCap Games\Mummy Maze Deluxe\images\pyramiddown.gif=
C:\Programas\PopCap Games\Mummy Maze Deluxe\images\pyramidover.gif=
C:\Programas\PopCap Games\Mummy Maze Deluxe\images\_pyramiddown.gif=
C:\Programas\PopCap Games\Mummy Maze Deluxe\images\_pyramidover.gif=
C:\Programas\PopCap Games\Mummy Maze Deluxe\images\_tutbutton.gif=
C:\Programas\PopCap Games\Mummy Maze Deluxe\images\backwall10.jpg=
C:\Programas\PopCap Games\Mummy Maze Deluxe\images\backwall6.jpg=
C:\Programas\PopCap Games\Mummy Maze Deluxe\images\expfall6.gif=
C:\Programas\PopCap Games\Mummy Maze Deluxe\images\glow.gif=
C:\Programas\PopCap Games\Mummy Maze Deluxe\images\_torch.gif=
C:\Programas\PopCap Games\Mummy Maze Deluxe\images\flame.gif=
C:\Programas\PopCap Games\Mummy Maze Deluxe\images\torch.gif=
C:\Programas\PopCap Games\Mummy Maze Deluxe\images\key.gif=
C:\Programas\PopCap Games\Mummy Maze Deluxe\images\_key.gif=
C:\Programas\PopCap Games\Mummy Maze Deluxe\images\gate6.gif=
C:\Programas\PopCap Games\Mummy Maze Deluxe\images\gate8.gif=
C:\Programas\PopCap Games\Mummy Maze Deluxe\images\gate10.gif=
C:\Programas\PopCap Games\Mummy Maze Deluxe\images\trap6.gif=
C:\Programas\PopCap Games\Mummy Maze Deluxe\images\trap8.gif=
C:\Programas\PopCap Games\Mummy Maze Deluxe\images\_trap10.gif=
C:\Programas\PopCap Games\Mummy Maze Deluxe\images\_trap8.gif=
C:\Programas\PopCap Games\Mummy Maze Deluxe\images\_trap6.gif=
C:\Programas\PopCap Games\Mummy Maze Deluxe\images\trap10.gif=
C:\Programas\PopCap Games\Mummy Maze Deluxe\images\block10.gif=
C:\Programas\PopCap Games\Mummy Maze Deluxe\images\block6.gif=
C:\Programas\PopCap Games\Mummy Maze Deluxe\images\block8.gif=
C:\Programas\PopCap Games\Mummy Maze Deluxe\images\backwall8.jpg=
C:\Programas\PopCap Games\Mummy Maze Deluxe\images\expfall8.gif=
C:\Programas\PopCap Games\Mummy Maze Deluxe\images\backdrop.jpg=
C:\Programas\PopCap Games\Mummy Maze Deluxe\images\_bigmapstrip.gif=
C:\Programas\PopCap Games\Mummy Maze Deluxe\images\bigmapstrip.gif=
C:\Programas\PopCap Games\Mummy Maze Deluxe\images\dbutton.jpg=
C:\Programas\PopCap Games\Mummy Maze Deluxe\images\slider.gif=
C:\Programas\PopCap Games\Mummy Maze Deluxe\images\sliderankh.png=
C:\Programas\PopCap Games\Mummy Maze Deluxe\images\checked.jpg=
C:\Programas\PopCap Games\Mummy Maze Deluxe\images\map.gif=
C:\Programas\PopCap Games\Mummy Maze Deluxe\images\_map.gif=
C:\Programas\PopCap Games\Mummy Maze Deluxe\images\_trapsparkle10.gif=
C:\Programas\PopCap Games\Mummy Maze Deluxe\images\maphead.gif=
C:\Programas\PopCap Games\Mummy Maze Deluxe\images\_maphead.gif=
C:\Programas\PopCap Games\Mummy Maze Deluxe\images\mapx.gif=
C:\Programas\PopCap Games\Mummy Maze Deluxe\images\_mapx.gif=
C:\Programas\PopCap Games\Mummy Maze Deluxe\images\buttonstrip.jpg=
C:\Programas\PopCap Games\Mummy Maze Deluxe\images\_trapsparkle6.gif=
C:\Programas\PopCap Games\Mummy Maze Deluxe\images\_trapsparkle8.gif=
C:\Programas\PopCap Games\Mummy Maze Deluxe\images\_scorpion10.gif=
C:\Programas\PopCap Games\Mummy Maze Deluxe\images\_scorpion6.gif=
C:\Programas\PopCap Games\Mummy Maze Deluxe\images\_scorpion8.gif=
C:\Programas\PopCap Games\Mummy Maze Deluxe\images\scorpion10.gif=
C:\Programas\PopCap Games\Mummy Maze Deluxe\images\scorpion6.gif=
C:\Programas\PopCap Games\Mummy Maze Deluxe\images\scorpion8.gif=
C:\Programas\PopCap Games\Mummy Maze Deluxe\images\menuback.jpg=
C:\Programas\PopCap Games\Mummy Maze Deluxe\images\menulogo.gif=
C:\Programas\PopCap Games\Mummy Maze Deluxe\images\_menulogo.gif=
C:\Programas\PopCap Games\Mummy Maze Deluxe\images\menufront.jpg=
C:\Programas\PopCap Games\Mummy Maze Deluxe\images\_menufront.gif=
C:\Programas\PopCap Games\Mummy Maze Deluxe\images\dust6.gif=
C:\Programas\PopCap Games\Mummy Maze Deluxe\images\dust8.gif=
C:\Programas\PopCap Games\Mummy Maze Deluxe\images\dust10.gif=
C:\Programas\PopCap Games\Mummy Maze Deluxe\images\_dust6.gif=
C:\Programas\PopCap Games\Mummy Maze Deluxe\images\_dust8.gif=
C:\Programas\PopCap Games\Mummy Maze Deluxe\images\_dust10.gif=
C:\Programas\PopCap Games\Mummy Maze Deluxe\images\star.gif=
C:\Programas\PopCap Games\Mummy Maze Deluxe\images\whitefight10.gif=
C:\Programas\PopCap Games\Mummy Maze Deluxe\images\_whitefight6.gif=
C:\Programas\PopCap Games\Mummy Maze Deluxe\images\_whitefight8.gif=
C:\Programas\PopCap Games\Mummy Maze Deluxe\images\_whitefight10.gif=
C:\Programas\PopCap Games\Mummy Maze Deluxe\images\whitefight6.gif=
C:\Programas\PopCap Games\Mummy Maze Deluxe\images\whitefight8.gif=
C:\Programas\PopCap Games\Mummy Maze Deluxe\images\freakout10.gif=
C:\Programas\PopCap Games\Mummy Maze Deluxe\images\_freakout6.gif=
C:\Programas\PopCap Games\Mummy Maze Deluxe\images\_freakout8.gif=
C:\Programas\PopCap Games\Mummy Maze Deluxe\images\_freakout10.gif=
C:\Programas\PopCap Games\Mummy Maze Deluxe\images\freakout6.gif=
C:\Programas\PopCap Games\Mummy Maze Deluxe\images\freakout8.gif=
C:\Programas\PopCap Games\Mummy Maze Deluxe\images\trapsparkle10.gif=
C:\Programas\PopCap Games\Mummy Maze Deluxe\images\stung6.gif=
C:\Programas\PopCap Games\Mummy Maze Deluxe\images\stung8.gif=
C:\Programas\PopCap Games\Mummy Maze Deluxe\images\stung10.gif=
C:\Programas\PopCap Games\Mummy Maze Deluxe\images\_stung8.gif=
C:\Programas\PopCap Games\Mummy Maze Deluxe\images\_stung10.gif=
C:\Programas\PopCap Games\Mummy Maze Deluxe\images\_stung6.gif=
C:\Programas\PopCap Games\Mummy Maze Deluxe\images\redmummy10.gif=
C:\Programas\PopCap Games\Mummy Maze Deluxe\images\trapsparkle6.gif=
C:\Programas\PopCap Games\Mummy Maze Deluxe\images\_redmummy6.gif=
C:\Programas\PopCap Games\Mummy Maze Deluxe\images\_redmummy8.gif=
C:\Programas\PopCap Games\Mummy Maze Deluxe\images\_redmummy10.gif=
C:\Programas\PopCap Games\Mummy Maze Deluxe\images\trapsparkle8.gif=
C:\Programas\PopCap Games\Mummy Maze Deluxe\images\redmummy6.gif=
C:\Programas\PopCap Games\Mummy Maze Deluxe\images\redmummy8.gif=
C:\Programas\PopCap Games\Mummy Maze Deluxe\images\_floordark8.gif=
C:\Programas\PopCap Games\Mummy Maze Deluxe\images\_floorlight10.gif=
C:\Programas\PopCap Games\Mummy Maze Deluxe\images\_floorlight6.gif=
C:\Programas\PopCap Games\Mummy Maze Deluxe\images\expfall10.gif=
C:\Programas\PopCap Games\Mummy Maze Deluxe\images\_redfight6.gif=
C:\Programas\PopCap Games\Mummy Maze Deluxe\images\_redfight8.gif=
C:\Programas\PopCap Games\Mummy Maze Deluxe\images\_redfight10.gif=
C:\Programas\PopCap Games\Mummy Maze Deluxe\images\redfight6.gif=
C:\Programas\PopCap Games\Mummy Maze Deluxe\images\redfight8.gif=
C:\Programas\PopCap Games\Mummy Maze Deluxe\images\redfight10.gif=
C:\Programas\PopCap Games\Mummy Maze Deluxe\images\_redspin10.gif=
C:\Programas\PopCap Games\Mummy Maze Deluxe\images\_whitedance6.gif=
C:\Programas\PopCap Games\Mummy Maze Deluxe\images\_whitedance8.gif=
C:\Programas\PopCap Games\Mummy Maze Deluxe\images\_whitedance10.gif=
C:\Programas\PopCap Games\Mummy Maze Deluxe\images\_whitespin6.gif=
C:\Programas\PopCap Games\Mummy Maze Deluxe\images\_whitespin8.gif=
C:\Programas\PopCap Games\Mummy Maze Deluxe\images\_whitespin10.gif=
C:\Programas\PopCap Games\Mummy Maze Deluxe\images\reddance6.gif=
C:\Programas\PopCap Games\Mummy Maze Deluxe\images\reddance8.gif=
C:\Programas\PopCap Games\Mummy Maze Deluxe\images\reddance10.gif=
C:\Programas\PopCap Games\Mummy Maze Deluxe\images\redspin6.gif=
C:\Programas\PopCap Games\Mummy Maze Deluxe\images\redspin8.gif=
C:\Programas\PopCap Games\Mummy Maze Deluxe\images\redspin10.gif=
C:\Programas\PopCap Games\Mummy Maze Deluxe\images\whitedance6.gif=
C:\Programas\PopCap Games\Mummy Maze Deluxe\images\whitedance8.gif=
C:\Programas\PopCap Games\Mummy Maze Deluxe\images\whitedance10.gif=
C:\Programas\PopCap Games\Mummy Maze Deluxe\images\whitespin6.gif=
C:\Programas\PopCap Games\Mummy Maze Deluxe\images\whitespin8.gif=
C:\Programas\PopCap Games\Mummy Maze Deluxe\images\whitespin10.gif=
C:\Programas\PopCap Games\Mummy Maze Deluxe\images\_reddance6.gif=
C:\Programas\PopCap Games\Mummy Maze Deluxe\images\_reddance8.gif=
C:\Programas\PopCap Games\Mummy Maze Deluxe\images\_reddance10.gif=
C:\Programas\PopCap Games\Mummy Maze Deluxe\images\_redspin6.gif=
C:\Programas\PopCap Games\Mummy Maze Deluxe\images\_redspin8.gif=
C:\Programas\PopCap Games\Mummy Maze Deluxe\images\_search8.gif=
C:\Programas\PopCap Games\Mummy Maze Deluxe\images\_search10.gif=
C:\Programas\PopCap Games\Mummy Maze Deluxe\images\_shrug6.gif=
C:\Programas\PopCap Games\Mummy Maze Deluxe\images\_shrug8.gif=
C:\Programas\PopCap Games\Mummy Maze Deluxe\images\_shrug10.gif=
C:\Programas\PopCap Games\Mummy Maze Deluxe\images\readmap6.gif=
C:\Programas\PopCap Games\Mummy Maze Deluxe\images\readmap8.gif=
C:\Programas\PopCap Games\Mummy Maze Deluxe\images\readmap10.gif=
C:\Programas\PopCap Games\Mummy Maze Deluxe\images\search6.gif=
C:\Programas\PopCap Games\Mummy Maze Deluxe\images\search8.gif=
C:\Programas\PopCap Games\Mummy Maze Deluxe\images\search10.gif=
C:\Programas\PopCap Games\Mummy Maze Deluxe\images\shrug6.gif=
C:\Programas\PopCap Games\Mummy Maze Deluxe\images\shrug8.gif=
C:\Programas\PopCap Games\Mummy Maze Deluxe\images\shrug10.gif=
C:\Programas\PopCap Games\Mummy Maze Deluxe\images\_readmap6.gif=
C:\Programas\PopCap Games\Mummy Maze Deluxe\images\_readmap8.gif=
C:\Programas\PopCap Games\Mummy Maze Deluxe\images\_readmap10.gif=
C:\Programas\PopCap Games\Mummy Maze Deluxe\images\_search6.gif=
C:\Programas\PopCap Games\Mummy Maze Deluxe\images\title.jpg=
C:\Programas\PopCap Games\Mummy Maze Deluxe\images\redlisten10.gif=
C:\Programas\PopCap Games\Mummy Maze Deluxe\images\whitelisten6.gif=
C:\Programas\PopCap Games\Mummy Maze Deluxe\images\whitelisten8.gif=
C:\Programas\PopCap Games\Mummy Maze Deluxe\images\whitelisten10.gif=
C:\Programas\PopCap Games\Mummy Maze Deluxe\images\_redlisten6.gif=
C:\Programas\PopCap Games\Mummy Maze Deluxe\images\_redlisten8.gif=
C:\Programas\PopCap Games\Mummy Maze Deluxe\images\_redlisten10.gif=
C:\Programas\PopCap Games\Mummy Maze Deluxe\images\_whitelisten6.gif=
C:\Programas\PopCap Games\Mummy Maze Deluxe\images\_whitelisten8.gif=
C:\Programas\PopCap Games\Mummy Maze Deluxe\images\_whitelisten10.gif=
C:\Programas\PopCap Games\Mummy Maze Deluxe\images\redlisten6.gif=
C:\Programas\PopCap Games\Mummy Maze Deluxe\images\redlisten8.gif=
C:\Programas\PopCap Games\Mummy Maze Deluxe\images\light10.gif=
C:\Programas\PopCap Games\Mummy Maze Deluxe\images\_light6.gif=
C:\Programas\PopCap Games\Mummy Maze Deluxe\images\_light8.gif=
C:\Programas\PopCap Games\Mummy Maze Deluxe\images\_light10.gif=
C:\Programas\PopCap Games\Mummy Maze Deluxe\images\light6.gif=
C:\Programas\PopCap Games\Mummy Maze Deluxe\images\light8.gif=
C:\Programas\PopCap Games\Mummy Maze Deluxe\images\trialcircle.jpg=
C:\Programas\PopCap Games\Mummy Maze Deluxe\images\titlebar.jpg=
C:\Programas\PopCap Games\Mummy Maze Deluxe\images\_floorlight8.gif=
C:\Programas\PopCap Games\Mummy Maze Deluxe\images\floordark8.jpg=
C:\Programas\PopCap Games\Mummy Maze Deluxe\images\floorlight10.jpg=
C:\Programas\PopCap Games\Mummy Maze Deluxe\images\floorlight6.jpg=
C:\Programas\PopCap Games\Mummy Maze Deluxe\images\floorlight8.jpg=
C:\Programas\PopCap Games\Mummy Maze Deluxe\images\floordark10.jpg=
C:\Programas\PopCap Games\Mummy Maze Deluxe\images\floordark6.jpg=
C:\Programas\PopCap Games\Mummy Maze Deluxe\images\_floordark10.gif=
C:\Programas\PopCap Games\Mummy Maze Deluxe\images\_expfall6.gif=
C:\Programas\PopCap Games\Mummy Maze Deluxe\images\headerfont.png=
C:\Programas\PopCap Games\Mummy Maze Deluxe\images\bigassfont.gif=
C:\Programas\PopCap Games\Mummy Maze Deluxe\images\_bigassfont.gif=
C:\Programas\PopCap Games\Mummy Maze Deluxe\images\_floordark6.gif=
C:\Programas\PopCap Games\Mummy Maze Deluxe\images\nextlevel.jpg=
C:\Programas\PopCap Games\Mummy Maze Deluxe\images\adventuremap.jpg=
C:\Programas\PopCap Games\Mummy Maze Deluxe\images\_expfall8.gif=
C:\Programas\PopCap Games\Mummy Maze Deluxe\images\_expfall10.gif=
C:\Programas\PopCap Games\Mummy Maze Deluxe\images\arrows8.gif=
C:\Programas\PopCap Games\Mummy Maze Deluxe\images\ankh.jpg=
C:\Programas\PopCap Games\Mummy Maze Deluxe\images\_ankh.gif=
C:\Programas\PopCap Games\Mummy Maze Deluxe\images\scorecover.jpg=
C:\Programas\PopCap Games\Mummy Maze Deluxe\images\treasurechest.gif=
C:\Programas\PopCap Games\Mummy Maze Deluxe\images\_treasurechest.gif=
C:\Programas\PopCap Games\Mummy Maze Deluxe\images\findtreasure.jpg=
C:\Programas\PopCap Games\Mummy Maze Deluxe\images\_findtreasure.gif=
C:\Programas\PopCap Games\Mummy Maze Deluxe\images\nicetreasurestrip.jpg=
C:\Programas\PopCap Games\Mummy Maze Deluxe\images\_nicetreasurestrip.gif=
C:\Programas\PopCap Games\Mummy Maze Deluxe\images\findtreasureglyphs.gif=
C:\Programas\PopCap Games\Mummy Maze Deluxe\images\_findtreasureglyphs.gif=
C:\Programas\PopCap Games\Mummy Maze Deluxe\images\_pyramidfont.gif=
C:\Programas\PopCap Games\Mummy Maze Deluxe\images\pyramidfont.gif=
C:\Programas\PopCap Games\Mummy Maze Deluxe\images\pyramidtext.gif=
C:\Programas\PopCap Games\Mummy Maze Deluxe\images\internethighscore.gif=
C:\Programas\PopCap Games\Mummy Maze Deluxe\images\dbuttonclear.gif=
C:\Programas\PopCap Games\Mummy Maze Deluxe\images\gameovertext.gif=
C:\Programas\PopCap Games\Mummy Maze Deluxe\images\_gameovertext.gif=
C:\Programas\PopCap Games\Mummy Maze Deluxe\images\beach.gif=
C:\Programas\PopCap Games\Mummy Maze Deluxe\images\_beach.gif=
C:\Programas\PopCap Games\Mummy Maze Deluxe\images\dark8.gif=
C:\Programas\PopCap Games\Mummy Maze Deluxe\images\dark10.gif=
C:\Programas\PopCap Games\Mummy Maze Deluxe\images\_dark6.gif=
C:\Programas\PopCap Games\Mummy Maze Deluxe\images\dark6.gif=
C:\Programas\PopCap Games\Mummy Maze Deluxe\images\_dark8.gif=
C:\Programas\PopCap Games\Mummy Maze Deluxe\images\_dark10.gif=
C:\Programas\PopCap Games\Mummy Maze Deluxe\images\register.jpg=
C:\Programas\PopCap Games\Mummy Maze Deluxe\images\_register.gif=
C:\Programas\PopCap Games\Mummy Maze Deluxe\images\registerrunes.gif=
C:\Programas\PopCap Games\Mummy Maze Deluxe\images\_registerrunes.gif=
C:\Programas\PopCap Games\Mummy Maze Deluxe\images\advsaveandquit.gif=
C:\Programas\PopCap Games\Mummy Maze Deluxe\images\_advsaveandquit.gif=
C:\Programas\PopCap Games\Mummy Maze Deluxe\images\_advbuttons.gif=
C:\Programas\PopCap Games\Mummy Maze Deluxe\images\advbuttons.gif=
C:\Programas\PopCap Games\Mummy Maze Deluxe\images\snake.gif=
C:\Programas\PopCap Games\Mummy Maze Deluxe\images\_snake.gif=
C:\Programas\PopCap Games\Mummy Maze Deluxe\data\scorefont.txt=
C:\Programas\PopCap Games\Mummy Maze Deluxe\data\headerfont.txt=
C:\Programas\PopCap Games\Mummy Maze Deluxe\data\bigassfont.txt=
C:\Programas\PopCap Games\Mummy Maze Deluxe\data\font1.txt=
C:\Programas\PopCap Games\Mummy Maze Deluxe\data\pyramidfont.txt=
C:\Programas\PopCap Games\Mummy Maze Deluxe\data\mazes\B-0.dat=
C:\Programas\PopCap Games\Mummy Maze Deluxe\data\mazes\B-1.dat=
C:\Programas\PopCap Games\Mummy Maze Deluxe\data\mazes\B-2.dat=
C:\Programas\PopCap Games\Mummy Maze Deluxe\data\mazes\B-3.dat=
C:\Programas\PopCap Games\Mummy Maze Deluxe\data\mazes\B-4.dat=
C:\Programas\PopCap Games\Mummy Maze Deluxe\data\mazes\B-5.dat=
C:\Programas\PopCap Games\Mummy Maze Deluxe\data\mazes\B-6.dat=
C:\Programas\PopCap Games\Mummy Maze Deluxe\data\mazes\B-7.dat=
C:\Programas\PopCap Games\Mummy Maze Deluxe\data\mazes\B-8.dat=
C:\Programas\PopCap Games\Mummy Maze Deluxe\data\mazes\B-10.dat=
C:\Programas\PopCap Games\Mummy Maze Deluxe\data\mazes\B-11.dat=
C:\Programas\PopCap Games\Mummy Maze Deluxe\data\mazes\B-12.dat=
C:\Programas\PopCap Games\Mummy Maze Deluxe\data\mazes\B-13.dat=
C:\Programas\PopCap Games\Mummy Maze Deluxe\data\mazes\B-14.dat=
C:\Programas\PopCap Games\Mummy Maze Deluxe\data\mazes\B-9.dat=
C:\Programas\PopCap Games\Mummy Maze Deluxe\data\mazes\B-15.dat=
C:\Programas\PopCap Games\Mummy Maze Deluxe\data\mazes\B-16.dat=
C:\Programas\PopCap Games\Mummy Maze Deluxe\data\mazes\B-17.dat=
C:\Programas\PopCap Games\Mummy Maze Deluxe\data\mazes\B-18.dat=
C:\Programas\PopCap Games\Mummy Maze Deluxe\data\mazes\B-19.dat=
C:\Programas\PopCap Games\Mummy Maze Deluxe\data\mazes\B-20.dat=
C:\Programas\PopCap Games\Mummy Maze Deluxe\data\mazes\B-21.dat=
C:\Programas\PopCap Games\Mummy Maze Deluxe\data\mazes\B-22.dat=
C:\Programas\PopCap Games\Mummy Maze Deluxe\data\mazes\B-23.dat=
C:\Programas\PopCap Games\Mummy Maze Deluxe\data\mazes\B-24.dat=
C:\Programas\PopCap Games\Mummy Maze Deluxe\data\mazes\B-25.dat=
C:\Programas\PopCap Games\Mummy Maze Deluxe\data\mazes\B-26.dat=
C:\Programas\PopCap Games\Mummy Maze Deluxe\data\mazes\B-27.dat=
C:\Programas\PopCap Games\Mummy Maze Deluxe\data\mazes\B-28.dat=
C:\Programas\PopCap Games\Mummy Maze Deluxe\data\mazes\B-29.dat=
C:\Programas\PopCap Games\Mummy Maze Deluxe\data\mazes\B-30.dat=
C:\Programas\PopCap Games\Mummy Maze Deluxe\data\mazes\B-31.dat=
C:\Programas\PopCap Games\Mummy Maze Deluxe\data\mazes\B-32.dat=
C:\Programas\PopCap Games\Mummy Maze Deluxe\data\mazes\B-33.dat=
C:\Programas\PopCap Games\Mummy Maze Deluxe\data\mazes\B-34.dat=
C:\Programas\PopCap Games\Mummy Maze Deluxe\data\mazes\B-35.dat=
C:\Programas\PopCap Games\Mummy Maze Deluxe\data\mazes\B-36.dat=
C:\Programas\PopCap Games\Mummy Maze Deluxe\data\mazes\B-37.dat=
C:\Programas\PopCap Games\Mummy Maze Deluxe\data\mazes\B-38.dat=
C:\Programas\PopCap Games\Mummy Maze Deluxe\data\mazes\B-39.dat=
C:\Programas\PopCap Games\Mummy Maze Deluxe\data\mazes\B-40.dat=
C:\Programas\PopCap Games\Mummy Maze Deluxe\data\mazes\B-41.dat=
C:\Programas\PopCap Games\Mummy Maze Deluxe\data\mazes\B-42.dat=
C:\Programas\PopCap Games\Mummy Maze Deluxe\data\mazes\B-43.dat=
C:\Programas\PopCap Games\Mummy Maze Deluxe\data\mazes\B-44.dat=
C:\Programas\PopCap Games\Mummy Maze Deluxe\data\mazes\B-45.dat=
C:\Programas\PopCap Games\Mummy Maze Deluxe\data\mazes\B-46.dat=
C:\Programas\PopCap Games\Mummy Maze Deluxe\data\mazes\B-47.dat=
C:\Programas\PopCap Games\Mummy Maze Deluxe\data\mazes\B-48.dat=
C:\Programas\PopCap Games\Mummy Maze Deluxe\data\mazes\B-49.dat=
C:\Programas\PopCap Games\Mummy Maze Deluxe\data\mazes\B-50.dat=
C:\Programas\PopCap Games\Mummy Maze Deluxe\data\mazes\B-51.dat=
C:\Programas\PopCap Games\Mummy Maze Deluxe\data\mazes\B-52.dat=
C:\Programas\PopCap Games\Mummy Maze Deluxe\data\mazes\B-53.dat=
C:\Programas\PopCap Games\Mummy Maze Deluxe\data\mazes\B-54.dat=
C:\Programas\PopCap Games\Mummy Maze Deluxe\data\mazes\B-55.dat=
C:\Programas\PopCap Games\Mummy Maze Deluxe\data\mazes\B-56.dat=
C:\Programas\PopCap Games\Mummy Maze Deluxe\data\mazes\B-57.dat=
C:\Programas\PopCap Games\Mummy Maze Deluxe\data\mazes\B-58.dat=
C:\Programas\PopCap Games\Mummy Maze Deluxe\data\mazes\B-59.dat=
C:\Programas\PopCap Games\Mummy Maze Deluxe\data\mazes\B-60.dat=
C:\Programas\PopCap Games\Mummy Maze Deluxe\data\mazes\B-61.dat=
C:\Programas\PopCap Games\Mummy Maze Deluxe\data\mazes\B-62.dat=
C:\Programas\PopCap Games\Mummy Maze Deluxe\data\mazes\B-63.dat=
C:\Programas\PopCap Games\Mummy Maze Deluxe\data\mazes\B-64.dat=
C:\Programas\PopCap Games\Mummy Maze Deluxe\data\mazes\B-65.dat=
C:\Programas\PopCap Games\Mummy Maze Deluxe\data\mazes\B-66.dat=
C:\Programas\PopCap Games\Mummy Maze Deluxe\data\mazes\B-68.dat=
C:\Programas\PopCap Games\Mummy Maze Deluxe\data\mazes\B-69.dat=
C:\Programas\PopCap Games\Mummy Maze Deluxe\data\mazes\B-71.dat=
C:\Programas\PopCap Games\Mummy Maze Deluxe\data\mazes\B-72.dat=
C:\Programas\PopCap Games\Mummy Maze Deluxe\data\mazes\B-73.dat=
C:\Programas\PopCap Games\Mummy Maze Deluxe\data\mazes\B-74.dat=
C:\Programas\PopCap Games\Mummy Maze Deluxe\data\mazes\B-75.dat=
C:\Programas\PopCap Games\Mummy Maze Deluxe\data\mazes\B-76.dat=
C:\Programas\PopCap Games\Mummy Maze Deluxe\data\mazes\B-77.dat=
C:\Programas\PopCap Games\Mummy Maze Deluxe\data\mazes\B-82.dat=
C:\Programas\PopCap Games\Mummy Maze Deluxe\data\mazes\B-83.dat=
C:\Programas\PopCap Games\Mummy Maze Deluxe\data\mazes\B-84.dat=
C:\Programas\PopCap Games\Mummy Maze Deluxe\data\mazes\B-85.dat=
C:\Programas\PopCap Games\Mummy Maze Deluxe\data\mazes\B-86.dat=
C:\Programas\PopCap Games\Mummy Maze Deluxe\data\mazes\B-87.dat=
C:\Programas\PopCap Games\Mummy Maze Deluxe\data\mazes\B-88.dat=
C:\Programas\PopCap Games\Mummy Maze Deluxe\data\mazes\B-89.dat=
C:\Programas\PopCap Games\Mummy Maze Deluxe\data\mazes\B-90.dat=
C:\Programas\PopCap Games\Mummy Maze Deluxe\data\mazes\B-91.dat=
C:\Programas\PopCap Games\Mummy Maze Deluxe\data\mazes\B-93.dat=
C:\Programas\PopCap Games\Mummy Maze Deluxe\data\mazes\B-94.dat=
C:\Programas\PopCap Games\Mummy Maze Deluxe\data\mazes\B-95.dat=
C:\Programas\PopCap Games\Mummy Maze Deluxe\data\mazes\B-96.dat=
C:\Programas\PopCap Games\Mummy Maze Deluxe\data\mazes\B-97.dat=
C:\Programas\PopCap Games\Mummy Maze Deluxe\data\mazes\B-98.dat=
C:\Programas\PopCap Games\Mummy Maze Deluxe\data\mazes\B-99.dat=
C:\Programas\PopCap Games\Mummy Maze Deluxe\data\mazes\B-67.dat=
C:\Programas\PopCap Games\Mummy Maze Deluxe\data\mazes\B-70.dat=
C:\Programas\PopCap Games\Mummy Maze Deluxe\data\mazes\B-78.dat=
C:\Programas\PopCap Games\Mummy Maze Deluxe\data\mazes\B-79.dat=
C:\Programas\PopCap Games\Mummy Maze Deluxe\data\mazes\B-80.dat=
C:\Programas\PopCap Games\Mummy Maze Deluxe\data\mazes\B-81.dat=
C:\Programas\PopCap Games\Mummy Maze Deluxe\data\mazes\B-92.dat=
C:\Programas\PopCap Games\Mummy Maze Deluxe\data\mazes\B-100.dat=
C:\Programas\PopCap Games\Mummy Maze Deluxe\data\mazes\B--842150451.dat=
C:\Programas\PopCap Games\Mummy Maze Deluxe\data\saves\adv.sav=
C:\Programas\PopCap Games\Mummy Maze Deluxe\sounds\click.ogg=
C:\Programas\PopCap Games\Mummy Maze Deluxe\sounds\block.ogg=
C:\Programas\PopCap Games\Mummy Maze Deluxe\sounds\gate.ogg=
C:\Programas\PopCap Games\Mummy Maze Deluxe\sounds\scorpwalk1.ogg=
C:\Programas\PopCap Games\Mummy Maze Deluxe\sounds\scorpwalk2.ogg=
C:\Programas\PopCap Games\Mummy Maze Deluxe\sounds\tombslide.ogg=
C:\Programas\PopCap Games\Mummy Maze Deluxe\sounds\mummyhowl.ogg=
C:\Programas\PopCap Games\Mummy Maze Deluxe\sounds\pummel.mp3=
C:\Programas\PopCap Games\Mummy Maze Deluxe\sounds\poison.ogg=
C:\Programas\PopCap Games\Mummy Maze Deluxe\sounds\expwalk60a.ogg=
C:\Programas\PopCap Games\Mummy Maze Deluxe\sounds\expwalk60b.ogg=
C:\Programas\PopCap Games\Mummy Maze Deluxe\sounds\expwalk30b.ogg=
C:\Programas\PopCap Games\Mummy Maze Deluxe\sounds\expwalk30a.ogg=
C:\Programas\PopCap Games\Mummy Maze Deluxe\sounds\expwalk15a.ogg=
C:\Programas\PopCap Games\Mummy Maze Deluxe\sounds\expwalk15b.ogg=
C:\Programas\PopCap Games\Mummy Maze Deluxe\sounds\mumwalk15a.ogg=
C:\Programas\PopCap Games\Mummy Maze Deluxe\sounds\mumwalk15b.ogg=
C:\Programas\PopCap Games\Mummy Maze Deluxe\sounds\mumwalk30a.ogg=
C:\Programas\PopCap Games\Mummy Maze Deluxe\sounds\mumwalk30b.ogg=
C:\Programas\PopCap Games\Mummy Maze Deluxe\sounds\mumwalk60a.ogg=
C:\Programas\PopCap Games\Mummy Maze Deluxe\sounds\mumwalk60b.ogg=
C:\Programas\PopCap Games\Mummy Maze Deluxe\sounds\pit.ogg=
C:\Programas\PopCap Games\Mummy Maze Deluxe\sounds\badankh.ogg=
C:\Programas\PopCap Games\Mummy Maze Deluxe\sounds\opentreasure.ogg=
C:\Programas\PopCap Games\Mummy Maze Deluxe\sounds\finishedlevel.ogg=
C:\Programas\PopCap Games\Mummy Maze Deluxe\music\game.it=

[Display]
Charset=0

[CreateKeys]
HKLM\SOFTWARE\Microsoft\Windows\CurrentVersion\Uninstall\Mummy Maze Deluxe 1.00=
HKLM\SOFTWARE\PopCap\MummyMaze=

[AddReg]
HKLM\SOFTWARE\PopCap\MummyMaze\InstallPath=C:\Programas\PopCap Games\Mummy Maze Deluxe
HKLM\SOFTWARE\PopCap\MummyMaze\ReferId=

[Shortcuts]
C:\WINDOWS\Menu Iniciar\Programas\PopCap Games\Mummy Maze Deluxe\Play Mummy Maze Deluxe.lnk=
C:\WINDOWS\Menu Iniciar\Programas\PopCap Games\Mummy Maze Deluxe\Register Mummy Maze.lnk=
C:\WINDOWS\Menu Iniciar\Programas\PopCap Games\Mummy Maze Deluxe\View Readme.lnk=
C:\WINDOWS\Menu Iniciar\Programas\PopCap Games\Mummy Maze Deluxe\Visit PopCap.com.lnk=
C:\WINDOWS\Menu Iniciar\Programas\PopCap Games\Mummy Maze Deluxe\Get Palm Mummy Maze.lnk=
C:\WINDOWS\Menu Iniciar\Programas\PopCap Games\Mummy Maze Deluxe\Uninstall Mummy Maze Deluxe.lnk=
C:\WINDOWS\Ambiente de Trabalho\Mummy Maze Deluxe.lnk=

[Strings]
1=Mummy Maze Deluxe 1.00 uninstall
2=Installation log file was not specified!
3=Installation log file %s not found!
4=Are you sure you want to completely remove Mummy Maze Deluxe 1.00 and all of its components?
5=Mummy Maze Deluxe 1.00 uninstall is complete.
6=Removing files...
7=Removing registry values...
8=Removing registry keys...
9=Removing ini-entries...
10=Removing shortcuts...
11=Removing directories...
12=Unregistering COM servers...
13=Unregistering fonts...
14=Checking shared files...
15=Remove shared file?
16=The system indicates that the following shared file is no longer used by any programs.  If any programs are still using this file and it is removed, those programs may not function.  Are you sure you want to remove the shared file?||||Leaving this file will not harm your system.  If you are not sure what to do, it is suggested that you choose not to remove this shared component.
17=File name:
18=Located in:
19=Yes
20=Yes to all
21=No
22=No to all
23=Close

